0 info it worked if it ends with ok
1 verbose cli [ 'node', '/usr/local/bin/npm', 'install' ]
2 info using npm@1.4.10
3 info using node@v0.10.28
4 verbose node symlink /usr/local/bin/node
5 verbose readDependencies using package.json deps
6 verbose install where, deps [ '/Users/galois/Code/ifttcat/web',
6 verbose install   [ 'karma',
6 verbose install     'protractor',
6 verbose install     'http-server',
6 verbose install     'bower',
6 verbose install     'shelljs',
6 verbose install     'karma-junit-reporter' ] ]
7 info preinstall ifttcat@0.0.0
8 verbose readDependencies using package.json deps
9 verbose already installed skipping bower@^1.3.1 /Users/galois/Code/ifttcat/web
10 verbose already installed skipping http-server@^0.6.1 /Users/galois/Code/ifttcat/web
11 verbose already installed skipping shelljs@^0.2.6 /Users/galois/Code/ifttcat/web
12 verbose already installed skipping karma-junit-reporter@^0.2.2 /Users/galois/Code/ifttcat/web
13 verbose already installed skipping karma@~0.10 /Users/galois/Code/ifttcat/web
14 verbose already installed skipping protractor@^1.1.1 /Users/galois/Code/ifttcat/web
15 silly resolved []
16 info build /Users/galois/Code/ifttcat/web
17 verbose linkStuff [ false, false, false, '/Users/galois/Code/ifttcat' ]
18 info linkStuff ifttcat@0.0.0
19 verbose linkBins ifttcat@0.0.0
20 verbose linkMans ifttcat@0.0.0
21 verbose rebuildBundles ifttcat@0.0.0
22 verbose rebuildBundles [ '.bin',
22 verbose rebuildBundles   'bower',
22 verbose rebuildBundles   'http-server',
22 verbose rebuildBundles   'karma',
22 verbose rebuildBundles   'karma-chrome-launcher',
22 verbose rebuildBundles   'karma-coffee-preprocessor',
22 verbose rebuildBundles   'karma-firefox-launcher',
22 verbose rebuildBundles   'karma-html2js-preprocessor',
22 verbose rebuildBundles   'karma-jasmine',
22 verbose rebuildBundles   'karma-junit-reporter',
22 verbose rebuildBundles   'karma-phantomjs-launcher',
22 verbose rebuildBundles   'karma-requirejs',
22 verbose rebuildBundles   'karma-script-launcher',
22 verbose rebuildBundles   'protractor',
22 verbose rebuildBundles   'requirejs',
22 verbose rebuildBundles   'shelljs' ]
23 verbose rebuild bundle /Users/galois/Code/ifttcat/web/node_modules/karma-chrome-launcher
24 info build /Users/galois/Code/ifttcat/web/node_modules/karma-chrome-launcher
25 info preinstall karma-chrome-launcher@0.1.7
26 verbose linkStuff [ false,
26 verbose linkStuff   false,
26 verbose linkStuff   false,
26 verbose linkStuff   '/Users/galois/Code/ifttcat/web/node_modules' ]
27 info linkStuff karma-chrome-launcher@0.1.7
28 verbose linkBins karma-chrome-launcher@0.1.7
29 verbose linkMans karma-chrome-launcher@0.1.7
30 verbose rebuildBundles karma-chrome-launcher@0.1.7
31 info install karma-chrome-launcher@0.1.7
32 info postinstall karma-chrome-launcher@0.1.7
33 verbose rebuild bundle /Users/galois/Code/ifttcat/web/node_modules/karma-coffee-preprocessor
34 info build /Users/galois/Code/ifttcat/web/node_modules/karma-coffee-preprocessor
35 info preinstall karma-coffee-preprocessor@0.1.3
36 verbose linkStuff [ false,
36 verbose linkStuff   false,
36 verbose linkStuff   false,
36 verbose linkStuff   '/Users/galois/Code/ifttcat/web/node_modules' ]
37 info linkStuff karma-coffee-preprocessor@0.1.3
38 verbose linkBins karma-coffee-preprocessor@0.1.3
39 verbose linkMans karma-coffee-preprocessor@0.1.3
40 verbose rebuildBundles karma-coffee-preprocessor@0.1.3
41 verbose rebuildBundles [ '.bin', 'coffee-script' ]
42 info install karma-coffee-preprocessor@0.1.3
43 info postinstall karma-coffee-preprocessor@0.1.3
44 verbose rebuild bundle /Users/galois/Code/ifttcat/web/node_modules/karma-firefox-launcher
45 info build /Users/galois/Code/ifttcat/web/node_modules/karma-firefox-launcher
46 info preinstall karma-firefox-launcher@0.1.4
47 verbose linkStuff [ false,
47 verbose linkStuff   false,
47 verbose linkStuff   false,
47 verbose linkStuff   '/Users/galois/Code/ifttcat/web/node_modules' ]
48 info linkStuff karma-firefox-launcher@0.1.4
49 verbose linkBins karma-firefox-launcher@0.1.4
50 verbose linkMans karma-firefox-launcher@0.1.4
51 verbose rebuildBundles karma-firefox-launcher@0.1.4
52 info install karma-firefox-launcher@0.1.4
53 info postinstall karma-firefox-launcher@0.1.4
54 verbose rebuild bundle /Users/galois/Code/ifttcat/web/node_modules/karma-html2js-preprocessor
55 info build /Users/galois/Code/ifttcat/web/node_modules/karma-html2js-preprocessor
56 info preinstall karma-html2js-preprocessor@0.1.0
57 verbose linkStuff [ false,
57 verbose linkStuff   false,
57 verbose linkStuff   false,
57 verbose linkStuff   '/Users/galois/Code/ifttcat/web/node_modules' ]
58 info linkStuff karma-html2js-preprocessor@0.1.0
59 verbose linkBins karma-html2js-preprocessor@0.1.0
60 verbose linkMans karma-html2js-preprocessor@0.1.0
61 verbose rebuildBundles karma-html2js-preprocessor@0.1.0
62 info install karma-html2js-preprocessor@0.1.0
63 info postinstall karma-html2js-preprocessor@0.1.0
64 verbose rebuild bundle /Users/galois/Code/ifttcat/web/node_modules/karma-jasmine
65 info build /Users/galois/Code/ifttcat/web/node_modules/karma-jasmine
66 info preinstall karma-jasmine@0.1.5
67 verbose linkStuff [ false,
67 verbose linkStuff   false,
67 verbose linkStuff   false,
67 verbose linkStuff   '/Users/galois/Code/ifttcat/web/node_modules' ]
68 info linkStuff karma-jasmine@0.1.5
69 verbose linkBins karma-jasmine@0.1.5
70 verbose linkMans karma-jasmine@0.1.5
71 verbose rebuildBundles karma-jasmine@0.1.5
72 info install karma-jasmine@0.1.5
73 info postinstall karma-jasmine@0.1.5
74 verbose rebuild bundle /Users/galois/Code/ifttcat/web/node_modules/karma-phantomjs-launcher
75 info build /Users/galois/Code/ifttcat/web/node_modules/karma-phantomjs-launcher
76 info preinstall karma-phantomjs-launcher@0.1.4
77 verbose linkStuff [ false,
77 verbose linkStuff   false,
77 verbose linkStuff   false,
77 verbose linkStuff   '/Users/galois/Code/ifttcat/web/node_modules' ]
78 info linkStuff karma-phantomjs-launcher@0.1.4
79 verbose linkBins karma-phantomjs-launcher@0.1.4
80 verbose linkMans karma-phantomjs-launcher@0.1.4
81 verbose rebuildBundles karma-phantomjs-launcher@0.1.4
82 verbose rebuildBundles [ '.bin', 'phantomjs' ]
83 info install karma-phantomjs-launcher@0.1.4
84 info postinstall karma-phantomjs-launcher@0.1.4
85 verbose rebuild bundle /Users/galois/Code/ifttcat/web/node_modules/karma-requirejs
86 info build /Users/galois/Code/ifttcat/web/node_modules/karma-requirejs
87 info preinstall karma-requirejs@0.2.2
88 verbose linkStuff [ false,
88 verbose linkStuff   false,
88 verbose linkStuff   false,
88 verbose linkStuff   '/Users/galois/Code/ifttcat/web/node_modules' ]
89 info linkStuff karma-requirejs@0.2.2
90 verbose linkBins karma-requirejs@0.2.2
91 verbose linkMans karma-requirejs@0.2.2
92 verbose rebuildBundles karma-requirejs@0.2.2
93 info install karma-requirejs@0.2.2
94 info postinstall karma-requirejs@0.2.2
95 verbose rebuild bundle /Users/galois/Code/ifttcat/web/node_modules/karma-script-launcher
96 info build /Users/galois/Code/ifttcat/web/node_modules/karma-script-launcher
97 info preinstall karma-script-launcher@0.1.0
98 verbose linkStuff [ false,
98 verbose linkStuff   false,
98 verbose linkStuff   false,
98 verbose linkStuff   '/Users/galois/Code/ifttcat/web/node_modules' ]
99 info linkStuff karma-script-launcher@0.1.0
100 verbose linkBins karma-script-launcher@0.1.0
101 verbose linkMans karma-script-launcher@0.1.0
102 verbose rebuildBundles karma-script-launcher@0.1.0
103 info install karma-script-launcher@0.1.0
104 info postinstall karma-script-launcher@0.1.0
105 verbose rebuild bundle /Users/galois/Code/ifttcat/web/node_modules/requirejs
106 info build /Users/galois/Code/ifttcat/web/node_modules/requirejs
107 info preinstall requirejs@2.1.15
108 verbose linkStuff [ false,
108 verbose linkStuff   false,
108 verbose linkStuff   false,
108 verbose linkStuff   '/Users/galois/Code/ifttcat/web/node_modules' ]
109 info linkStuff requirejs@2.1.15
110 verbose linkBins requirejs@2.1.15
111 verbose link bins [ { 'r.js': './bin/r.js' },
111 verbose link bins   '/Users/galois/Code/ifttcat/web/node_modules/.bin',
111 verbose link bins   false ]
112 verbose linkMans requirejs@2.1.15
113 verbose rebuildBundles requirejs@2.1.15
114 info install requirejs@2.1.15
115 info postinstall requirejs@2.1.15
116 info install ifttcat@0.0.0
117 info postinstall ifttcat@0.0.0
118 verbose unsafe-perm in lifecycle true
119 info ifttcat@0.0.0 Failed to exec postinstall script
120 error ifttcat@0.0.0 postinstall: `bower install`
120 error Exit status 8
121 error Failed at the ifttcat@0.0.0 postinstall script.
121 error This is most likely a problem with the ifttcat package,
121 error not with npm itself.
121 error Tell the author that this fails on your system:
121 error     bower install
121 error You can get their info via:
121 error     npm owner ls ifttcat
121 error There is likely additional logging output above.
122 error System Darwin 13.4.0
123 error command "node" "/usr/local/bin/npm" "install"
124 error cwd /Users/galois/Code/ifttcat/web
125 error node -v v0.10.28
126 error npm -v 1.4.10
127 error code ELIFECYCLE
128 verbose exit [ 1, true ]
